2021-06-06 20:39:15,558 - __main__ - INFO - application started
2021-06-06 20:39:15,559 - __main__ - INFO - Train size: 60000
2021-06-06 20:39:15,559 - __main__ - INFO - Test size: 10000
2021-06-06 20:39:15,560 - __main__ - INFO - Tune parameter: False
2021-06-06 20:39:15,561 - tools - INFO - getting data from mnist_784
2021-06-06 20:39:44,603 - tools - INFO - split data to train and test set
2021-06-06 20:39:46,501 - __main__ - INFO - no parameters tuned
2021-06-06 20:39:46,503 - __main__ - INFO - create and fit model
2021-06-06 20:39:46,504 - __main__ - INFO - initialize model
2021-06-06 20:39:46,504 - __main__ - INFO - fitting model on train data
2021-06-06 20:39:48,068 - __main__ - INFO - Score of model on train set: 0.9989833333333333
2021-06-06 20:39:48,111 - __main__ - INFO - Score of model on test set: 0.9513
2021-06-06 20:40:01,894 - tools - INFO - Classification Report: 
2021-06-06 20:40:01,895 - tools - INFO - {'0': {'precision': 0.9702258726899384, 'recall': 0.9854014598540146, 'f1-score': 0.9777547853078118, 'support': 959}, '1': {'precision': 0.9777777777777777, 'recall': 0.9838998211091234, 'f1-score': 0.980829246544806, 'support': 1118}, '2': {'precision': 0.9345238095238095, 'recall': 0.9582909460834181, 'f1-score': 0.946258161727775, 'support': 983}, '3': {'precision': 0.9233830845771144, 'recall': 0.9402228976697061, 'f1-score': 0.931726907630522, 'support': 987}, '4': {'precision': 0.939060939060939, 'recall': 0.9523809523809523, 'f1-score': 0.9456740442655934, 'support': 987}, '5': {'precision': 0.9417693169092946, 'recall': 0.9201312910284464, 'f1-score': 0.9308245711123408, 'support': 914}, '6': {'precision': 0.9646365422396856, 'recall': 0.9732408325074331, 'f1-score': 0.9689195855944746, 'support': 1009}, '7': {'precision': 0.9631379962192816, 'recall': 0.9604147031102733, 'f1-score': 0.9617744218971213, 'support': 1061}, '8': {'precision': 0.9446219382321619, 'recall': 0.9078812691914022, 'f1-score': 0.9258872651356993, 'support': 977}, '9': {'precision': 0.9489274770173647, 'recall': 0.9243781094527364, 'f1-score': 0.936491935483871, 'support': 1005}, 'accuracy': 0.9513, 'macro avg': {'precision': 0.9508064754247367, 'recall': 0.9506242282387506, 'f1-score': 0.9506140924700016, 'support': 10000}, 'weighted avg': {'precision': 0.951302391237674, 'recall': 0.9513, 'f1-score': 0.9512022883940372, 'support': 10000}}
2021-06-06 20:40:01,951 - tools - INFO - Confusion Report: 
2021-06-06 20:40:01,957 - tools - INFO - [[945, 0, 4, 2, 2, 0, 2, 1, 3, 0], [0, 1100, 7, 1, 0, 2, 0, 6, 2, 0], [7, 7, 942, 7, 2, 1, 4, 6, 6, 1], [5, 3, 14, 928, 0, 11, 3, 9, 10, 4], [2, 3, 4, 0, 940, 1, 6, 3, 3, 25], [5, 2, 4, 30, 6, 841, 14, 1, 10, 1], [4, 1, 4, 1, 4, 8, 982, 0, 5, 0], [0, 2, 11, 0, 11, 1, 0, 1019, 6, 11], [3, 3, 14, 24, 9, 20, 7, 2, 887, 8], [3, 4, 4, 12, 27, 8, 0, 11, 7, 929]]
2021-06-06 20:40:01,971 - werkzeug - WARNING -  * Running on all addresses.
   WARNING: This is a development server. Do not use it in a production deployment.
2021-06-06 20:40:01,972 - werkzeug - INFO -  * Running on http://172.18.0.2:5000/ (Press CTRL+C to quit)
2021-06-06 20:40:15,975 - werkzeug - INFO - 172.18.0.1 - - [06/Jun/2021 20:40:15] "GET /5 HTTP/1.1" 200 -
2021-06-06 20:40:16,052 - werkzeug - INFO - 172.18.0.1 - - [06/Jun/2021 20:40:16] "[33mGET /static/tmp.jpeg HTTP/1.1[0m" 404 -
